2022-03-09 00:39:57.131  WARN 30713 --- [restartedMain] o.s.boot.StartupInfoLogger               : InetAddress.getLocalHost().getHostName() took 5002 milliseconds to respond. Please verify your network configuration (macOS machines may need to add entries to /etc/hosts).
2022-03-09 00:40:02.148  INFO 30713 --- [restartedMain] tn.esprit.PidevApplication               : Starting PidevApplication using Java 1.8.0_281 on Derbalis-MacBook-Pro.local with PID 30713 (/Volumes/Work/pidev spring/Pidev_4SAE2/target/classes started by seif in /Volumes/Work/pidev spring/Pidev_4SAE2)
2022-03-09 00:40:02.149  INFO 30713 --- [restartedMain] tn.esprit.PidevApplication               : No active profile set, falling back to default profiles: default
2022-03-09 00:40:02.199  INFO 30713 --- [restartedMain] .e.DevToolsPropertyDefaultsPostProcessor : Devtools property defaults active! Set 'spring.devtools.add-properties' to 'false' to disable
2022-03-09 00:40:02.199  INFO 30713 --- [restartedMain] .e.DevToolsPropertyDefaultsPostProcessor : For additional web related logging consider setting the 'logging.level.web' property to 'DEBUG'
2022-03-09 00:40:03.084  INFO 30713 --- [restartedMain] .s.d.r.c.RepositoryConfigurationDelegate : Bootstrapping Spring Data JPA repositories in DEFAULT mode.
2022-03-09 00:40:03.189  INFO 30713 --- [restartedMain] .s.d.r.c.RepositoryConfigurationDelegate : Finished Spring Data repository scanning in 95 ms. Found 10 JPA repository interfaces.
2022-03-09 00:40:03.944  INFO 30713 --- [restartedMain] o.s.b.w.embedded.tomcat.TomcatWebServer  : Tomcat initialized with port(s): 8081 (http)
2022-03-09 00:40:03.953  INFO 30713 --- [restartedMain] o.apache.catalina.core.StandardService   : Starting service [Tomcat]
2022-03-09 00:40:03.954  INFO 30713 --- [restartedMain] org.apache.catalina.core.StandardEngine  : Starting Servlet engine: [Apache Tomcat/9.0.56]
2022-03-09 00:40:04.022  INFO 30713 --- [restartedMain] o.a.c.c.C.[Tomcat].[localhost].[/Pidev]  : Initializing Spring embedded WebApplicationContext
2022-03-09 00:40:04.022  INFO 30713 --- [restartedMain] w.s.c.ServletWebServerApplicationContext : Root WebApplicationContext: initialization completed in 1822 ms
2022-03-09 00:40:04.305  INFO 30713 --- [restartedMain] o.hibernate.jpa.internal.util.LogHelper  : HHH000204: Processing PersistenceUnitInfo [name: default]
2022-03-09 00:40:04.349  INFO 30713 --- [restartedMain] org.hibernate.Version                    : HHH000412: Hibernate ORM core version 5.6.3.Final
2022-03-09 00:40:04.499  INFO 30713 --- [restartedMain] o.hibernate.annotations.common.Version   : HCANN000001: Hibernate Commons Annotations {5.1.2.Final}
2022-03-09 00:40:04.598  INFO 30713 --- [restartedMain] com.zaxxer.hikari.HikariDataSource       : HikariPool-1 - Starting...
2022-03-09 00:40:04.738  INFO 30713 --- [restartedMain] com.zaxxer.hikari.HikariDataSource       : HikariPool-1 - Start completed.
2022-03-09 00:40:04.756  INFO 30713 --- [restartedMain] org.hibernate.dialect.Dialect            : HHH000400: Using dialect: org.hibernate.dialect.MySQL5InnoDBDialect
2022-03-09 00:40:05.541  INFO 30713 --- [restartedMain] o.h.e.t.j.p.i.JtaPlatformInitiator       : HHH000490: Using JtaPlatform implementation: [org.hibernate.engine.transaction.jta.platform.internal.NoJtaPlatform]
2022-03-09 00:40:05.549  INFO 30713 --- [restartedMain] j.LocalContainerEntityManagerFactoryBean : Initialized JPA EntityManagerFactory for persistence unit 'default'
2022-03-09 00:40:06.625  WARN 30713 --- [restartedMain] JpaBaseConfiguration$JpaWebConfiguration : spring.jpa.open-in-view is enabled by default. Therefore, database queries may be performed during view rendering. Explicitly configure spring.jpa.open-in-view to disable this warning
2022-03-09 00:40:07.071  INFO 30713 --- [restartedMain] o.s.b.d.a.OptionalLiveReloadServer       : LiveReload server is running on port 35729
2022-03-09 00:40:07.331  INFO 30713 --- [restartedMain] o.s.b.w.embedded.tomcat.TomcatWebServer  : Tomcat started on port(s): 8081 (http) with context path '/Pidev'
2022-03-09 00:40:07.787  INFO 30713 --- [restartedMain] tn.esprit.PidevApplication               : Started PidevApplication in 26.055 seconds (JVM running for 31.992)
2022-03-09 00:43:38.213  INFO 30713 --- [RMI TCP Connection(2)-127.0.0.1] inMXBeanRegistrar$SpringApplicationAdmin : Application shutdown requested.
2022-03-09 00:43:38.263  INFO 30713 --- [RMI TCP Connection(2)-127.0.0.1] j.LocalContainerEntityManagerFactoryBean : Closing JPA EntityManagerFactory for persistence unit 'default'
2022-03-09 00:43:38.273  INFO 30713 --- [RMI TCP Connection(2)-127.0.0.1] com.zaxxer.hikari.HikariDataSource       : HikariPool-1 - Shutdown initiated...
2022-03-09 00:43:38.287  INFO 30713 --- [RMI TCP Connection(2)-127.0.0.1] com.zaxxer.hikari.HikariDataSource       : HikariPool-1 - Shutdown completed.
2022-03-09 20:12:15.110  WARN 59675 --- [restartedMain] o.s.boot.StartupInfoLogger               : InetAddress.getLocalHost().getHostName() took 5003 milliseconds to respond. Please verify your network configuration (macOS machines may need to add entries to /etc/hosts).
2022-03-09 20:12:20.126  INFO 59675 --- [restartedMain] tn.esprit.PidevApplication               : Starting PidevApplication using Java 1.8.0_281 on Derbalis-MacBook-Pro.local with PID 59675 (/Volumes/Work/pidev spring/Pidev_4SAE2/target/classes started by seif in /Volumes/Work/pidev spring/Pidev_4SAE2)
2022-03-09 20:12:20.127  INFO 59675 --- [restartedMain] tn.esprit.PidevApplication               : No active profile set, falling back to default profiles: default
2022-03-09 20:12:20.203  INFO 59675 --- [restartedMain] .e.DevToolsPropertyDefaultsPostProcessor : Devtools property defaults active! Set 'spring.devtools.add-properties' to 'false' to disable
2022-03-09 20:12:20.204  INFO 59675 --- [restartedMain] .e.DevToolsPropertyDefaultsPostProcessor : For additional web related logging consider setting the 'logging.level.web' property to 'DEBUG'
2022-03-09 20:12:21.339  INFO 59675 --- [restartedMain] .s.d.r.c.RepositoryConfigurationDelegate : Bootstrapping Spring Data JPA repositories in DEFAULT mode.
2022-03-09 20:12:21.454  INFO 59675 --- [restartedMain] .s.d.r.c.RepositoryConfigurationDelegate : Finished Spring Data repository scanning in 98 ms. Found 10 JPA repository interfaces.
2022-03-09 20:12:22.566  INFO 59675 --- [restartedMain] o.s.b.w.embedded.tomcat.TomcatWebServer  : Tomcat initialized with port(s): 8081 (http)
2022-03-09 20:12:22.586  INFO 59675 --- [restartedMain] o.apache.catalina.core.StandardService   : Starting service [Tomcat]
2022-03-09 20:12:22.586  INFO 59675 --- [restartedMain] org.apache.catalina.core.StandardEngine  : Starting Servlet engine: [Apache Tomcat/9.0.56]
2022-03-09 20:12:22.701  INFO 59675 --- [restartedMain] o.a.c.c.C.[Tomcat].[localhost].[/Pidev]  : Initializing Spring embedded WebApplicationContext
2022-03-09 20:12:22.701  INFO 59675 --- [restartedMain] w.s.c.ServletWebServerApplicationContext : Root WebApplicationContext: initialization completed in 2497 ms
2022-03-09 20:12:23.123  INFO 59675 --- [restartedMain] o.hibernate.jpa.internal.util.LogHelper  : HHH000204: Processing PersistenceUnitInfo [name: default]
2022-03-09 20:12:23.240  INFO 59675 --- [restartedMain] org.hibernate.Version                    : HHH000412: Hibernate ORM core version 5.6.3.Final
2022-03-09 20:12:23.593  INFO 59675 --- [restartedMain] o.hibernate.annotations.common.Version   : HCANN000001: Hibernate Commons Annotations {5.1.2.Final}
2022-03-09 20:12:23.788  INFO 59675 --- [restartedMain] com.zaxxer.hikari.HikariDataSource       : HikariPool-1 - Starting...
2022-03-09 20:12:24.079  INFO 59675 --- [restartedMain] com.zaxxer.hikari.HikariDataSource       : HikariPool-1 - Start completed.
2022-03-09 20:12:24.108  INFO 59675 --- [restartedMain] org.hibernate.dialect.Dialect            : HHH000400: Using dialect: org.hibernate.dialect.MySQL5InnoDBDialect
2022-03-09 20:12:25.363  INFO 59675 --- [restartedMain] o.h.e.t.j.p.i.JtaPlatformInitiator       : HHH000490: Using JtaPlatform implementation: [org.hibernate.engine.transaction.jta.platform.internal.NoJtaPlatform]
2022-03-09 20:12:25.378  INFO 59675 --- [restartedMain] j.LocalContainerEntityManagerFactoryBean : Initialized JPA EntityManagerFactory for persistence unit 'default'
2022-03-09 20:12:26.437  WARN 59675 --- [restartedMain] JpaBaseConfiguration$JpaWebConfiguration : spring.jpa.open-in-view is enabled by default. Therefore, database queries may be performed during view rendering. Explicitly configure spring.jpa.open-in-view to disable this warning
2022-03-09 20:12:26.918  INFO 59675 --- [restartedMain] o.s.b.d.a.OptionalLiveReloadServer       : LiveReload server is running on port 35729
2022-03-09 20:12:27.178  INFO 59675 --- [restartedMain] o.s.b.w.embedded.tomcat.TomcatWebServer  : Tomcat started on port(s): 8081 (http) with context path '/Pidev'
2022-03-09 20:12:27.684  INFO 59675 --- [restartedMain] tn.esprit.PidevApplication               : Started PidevApplication in 28.314 seconds (JVM running for 34.52)
2022-03-09 20:38:10.495  INFO 59675 --- [Thread-5] j.LocalContainerEntityManagerFactoryBean : Closing JPA EntityManagerFactory for persistence unit 'default'
2022-03-09 20:38:10.518  INFO 59675 --- [Thread-5] com.zaxxer.hikari.HikariDataSource       : HikariPool-1 - Shutdown initiated...
2022-03-09 20:38:10.538  INFO 59675 --- [Thread-5] com.zaxxer.hikari.HikariDataSource       : HikariPool-1 - Shutdown completed.
2022-03-09 20:38:26.069  WARN 59675 --- [restartedMain] o.s.boot.StartupInfoLogger               : InetAddress.getLocalHost().getHostName() took 5003 milliseconds to respond. Please verify your network configuration (macOS machines may need to add entries to /etc/hosts).
2022-03-09 20:38:31.079  INFO 59675 --- [restartedMain] tn.esprit.PidevApplication               : Starting PidevApplication using Java 1.8.0_281 on Derbalis-MacBook-Pro.local with PID 59675 (/Volumes/Work/pidev spring/Pidev_4SAE2/target/classes started by seif in /Volumes/Work/pidev spring/Pidev_4SAE2)
2022-03-09 20:38:31.079  INFO 59675 --- [restartedMain] tn.esprit.PidevApplication               : No active profile set, falling back to default profiles: default
2022-03-09 20:38:32.083  INFO 59675 --- [restartedMain] .s.d.r.c.RepositoryConfigurationDelegate : Bootstrapping Spring Data JPA repositories in DEFAULT mode.
2022-03-09 20:38:32.250  INFO 59675 --- [restartedMain] .s.d.r.c.RepositoryConfigurationDelegate : Finished Spring Data repository scanning in 163 ms. Found 10 JPA repository interfaces.
2022-03-09 20:38:32.546  INFO 59675 --- [restartedMain] o.s.b.w.embedded.tomcat.TomcatWebServer  : Tomcat initialized with port(s): 8081 (http)
2022-03-09 20:38:32.547  INFO 59675 --- [restartedMain] o.apache.catalina.core.StandardService   : Starting service [Tomcat]
2022-03-09 20:38:32.547  INFO 59675 --- [restartedMain] org.apache.catalina.core.StandardEngine  : Starting Servlet engine: [Apache Tomcat/9.0.56]
2022-03-09 20:38:32.555  INFO 59675 --- [restartedMain] o.a.c.c.C.[Tomcat].[localhost].[/Pidev]  : Initializing Spring embedded WebApplicationContext
2022-03-09 20:38:32.555  INFO 59675 --- [restartedMain] w.s.c.ServletWebServerApplicationContext : Root WebApplicationContext: initialization completed in 1470 ms
2022-03-09 20:38:32.595  INFO 59675 --- [restartedMain] o.hibernate.jpa.internal.util.LogHelper  : HHH000204: Processing PersistenceUnitInfo [name: default]
2022-03-09 20:38:32.603  INFO 59675 --- [restartedMain] com.zaxxer.hikari.HikariDataSource       : HikariPool-2 - Starting...
2022-03-09 20:38:32.614  INFO 59675 --- [restartedMain] com.zaxxer.hikari.HikariDataSource       : HikariPool-2 - Start completed.
2022-03-09 20:38:32.614  INFO 59675 --- [restartedMain] org.hibernate.dialect.Dialect            : HHH000400: Using dialect: org.hibernate.dialect.MySQL5InnoDBDialect
2022-03-09 20:38:32.974  INFO 59675 --- [restartedMain] o.h.e.t.j.p.i.JtaPlatformInitiator       : HHH000490: Using JtaPlatform implementation: [org.hibernate.engine.transaction.jta.platform.internal.NoJtaPlatform]
2022-03-09 20:38:32.974  INFO 59675 --- [restartedMain] j.LocalContainerEntityManagerFactoryBean : Initialized JPA EntityManagerFactory for persistence unit 'default'
2022-03-09 20:38:33.836  WARN 59675 --- [restartedMain] JpaBaseConfiguration$JpaWebConfiguration : spring.jpa.open-in-view is enabled by default. Therefore, database queries may be performed during view rendering. Explicitly configure spring.jpa.open-in-view to disable this warning
2022-03-09 20:38:34.034  INFO 59675 --- [restartedMain] o.s.b.d.a.OptionalLiveReloadServer       : LiveReload server is running on port 35729
2022-03-09 20:38:34.137  INFO 59675 --- [restartedMain] o.s.b.w.embedded.tomcat.TomcatWebServer  : Tomcat started on port(s): 8081 (http) with context path '/Pidev'
2022-03-09 20:38:34.460  INFO 59675 --- [restartedMain] tn.esprit.PidevApplication               : Started PidevApplication in 23.46 seconds (JVM running for 1601.307)
2022-03-09 20:38:34.463  INFO 59675 --- [restartedMain] .ConditionEvaluationDeltaLoggingListener : Condition evaluation unchanged
2022-03-09 20:38:35.556  INFO 59675 --- [Thread-8] j.LocalContainerEntityManagerFactoryBean : Closing JPA EntityManagerFactory for persistence unit 'default'
2022-03-09 20:38:35.558  INFO 59675 --- [Thread-8] com.zaxxer.hikari.HikariDataSource       : HikariPool-2 - Shutdown initiated...
2022-03-09 20:38:35.561  INFO 59675 --- [Thread-8] com.zaxxer.hikari.HikariDataSource       : HikariPool-2 - Shutdown completed.
2022-03-09 20:38:50.810  WARN 59675 --- [restartedMain] o.s.boot.StartupInfoLogger               : InetAddress.getLocalHost().getHostName() took 5006 milliseconds to respond. Please verify your network configuration (macOS machines may need to add entries to /etc/hosts).
2022-03-09 20:38:55.815  INFO 59675 --- [restartedMain] tn.esprit.PidevApplication               : Starting PidevApplication using Java 1.8.0_281 on Derbalis-MacBook-Pro.local with PID 59675 (/Volumes/Work/pidev spring/Pidev_4SAE2/target/classes started by seif in /Volumes/Work/pidev spring/Pidev_4SAE2)
2022-03-09 20:38:55.815  INFO 59675 --- [restartedMain] tn.esprit.PidevApplication               : No active profile set, falling back to default profiles: default
2022-03-09 20:38:56.125  INFO 59675 --- [restartedMain] .s.d.r.c.RepositoryConfigurationDelegate : Bootstrapping Spring Data JPA repositories in DEFAULT mode.
2022-03-09 20:38:56.148  INFO 59675 --- [restartedMain] .s.d.r.c.RepositoryConfigurationDelegate : Finished Spring Data repository scanning in 23 ms. Found 10 JPA repository interfaces.
2022-03-09 20:38:56.359  INFO 59675 --- [restartedMain] o.s.b.w.embedded.tomcat.TomcatWebServer  : Tomcat initialized with port(s): 8081 (http)
2022-03-09 20:38:56.360  INFO 59675 --- [restartedMain] o.apache.catalina.core.StandardService   : Starting service [Tomcat]
2022-03-09 20:38:56.360  INFO 59675 --- [restartedMain] org.apache.catalina.core.StandardEngine  : Starting Servlet engine: [Apache Tomcat/9.0.56]
2022-03-09 20:38:56.374  INFO 59675 --- [restartedMain] o.a.c.c.C.[Tomcat].[localhost].[/Pidev]  : Initializing Spring embedded WebApplicationContext
2022-03-09 20:38:56.374  INFO 59675 --- [restartedMain] w.s.c.ServletWebServerApplicationContext : Root WebApplicationContext: initialization completed in 555 ms
2022-03-09 20:38:56.426  INFO 59675 --- [restartedMain] o.hibernate.jpa.internal.util.LogHelper  : HHH000204: Processing PersistenceUnitInfo [name: default]
2022-03-09 20:38:56.436  INFO 59675 --- [restartedMain] com.zaxxer.hikari.HikariDataSource       : HikariPool-3 - Starting...
2022-03-09 20:38:56.440  INFO 59675 --- [restartedMain] com.zaxxer.hikari.HikariDataSource       : HikariPool-3 - Start completed.
2022-03-09 20:38:56.441  INFO 59675 --- [restartedMain] org.hibernate.dialect.Dialect            : HHH000400: Using dialect: org.hibernate.dialect.MySQL5InnoDBDialect
2022-03-09 20:38:56.714  INFO 59675 --- [restartedMain] o.h.e.t.j.p.i.JtaPlatformInitiator       : HHH000490: Using JtaPlatform implementation: [org.hibernate.engine.transaction.jta.platform.internal.NoJtaPlatform]
2022-03-09 20:38:56.715  INFO 59675 --- [restartedMain] j.LocalContainerEntityManagerFactoryBean : Initialized JPA EntityManagerFactory for persistence unit 'default'
2022-03-09 20:38:57.318  WARN 59675 --- [restartedMain] JpaBaseConfiguration$JpaWebConfiguration : spring.jpa.open-in-view is enabled by default. Therefore, database queries may be performed during view rendering. Explicitly configure spring.jpa.open-in-view to disable this warning
2022-03-09 20:38:57.381  INFO 59675 --- [restartedMain] o.s.b.d.a.OptionalLiveReloadServer       : LiveReload server is running on port 35729
2022-03-09 20:38:57.466  INFO 59675 --- [restartedMain] o.s.b.w.embedded.tomcat.TomcatWebServer  : Tomcat started on port(s): 8081 (http) with context path '/Pidev'
2022-03-09 20:38:58.292  INFO 59675 --- [restartedMain] tn.esprit.PidevApplication               : Started PidevApplication in 22.528 seconds (JVM running for 1625.138)
2022-03-09 20:38:58.303  INFO 59675 --- [restartedMain] .ConditionEvaluationDeltaLoggingListener : Condition evaluation unchanged
2022-03-09 20:39:07.223  INFO 59675 --- [RMI TCP Connection(2)-127.0.0.1] inMXBeanRegistrar$SpringApplicationAdmin : Application shutdown requested.
2022-03-09 20:39:07.246  INFO 59675 --- [RMI TCP Connection(2)-127.0.0.1] j.LocalContainerEntityManagerFactoryBean : Closing JPA EntityManagerFactory for persistence unit 'default'
2022-03-09 20:39:07.249  INFO 59675 --- [RMI TCP Connection(2)-127.0.0.1] com.zaxxer.hikari.HikariDataSource       : HikariPool-3 - Shutdown initiated...
2022-03-09 20:39:07.253  INFO 59675 --- [RMI TCP Connection(2)-127.0.0.1] com.zaxxer.hikari.HikariDataSource       : HikariPool-3 - Shutdown completed.
2022-03-09 20:40:45.957  WARN 60006 --- [restartedMain] o.s.boot.StartupInfoLogger               : InetAddress.getLocalHost().getHostName() took 5002 milliseconds to respond. Please verify your network configuration (macOS machines may need to add entries to /etc/hosts).
2022-03-09 20:40:50.964  INFO 60006 --- [restartedMain] tn.esprit.PidevApplication               : Starting PidevApplication using Java 1.8.0_281 on Derbalis-MacBook-Pro.local with PID 60006 (/Volumes/Work/pidev spring/Pidev_4SAE2/target/classes started by seif in /Volumes/Work/pidev spring/Pidev_4SAE2)
2022-03-09 20:40:50.966  INFO 60006 --- [restartedMain] tn.esprit.PidevApplication               : No active profile set, falling back to default profiles: default
2022-03-09 20:40:51.061  INFO 60006 --- [restartedMain] .e.DevToolsPropertyDefaultsPostProcessor : Devtools property defaults active! Set 'spring.devtools.add-properties' to 'false' to disable
2022-03-09 20:40:51.063  INFO 60006 --- [restartedMain] .e.DevToolsPropertyDefaultsPostProcessor : For additional web related logging consider setting the 'logging.level.web' property to 'DEBUG'
2022-03-09 20:40:52.434  INFO 60006 --- [restartedMain] .s.d.r.c.RepositoryConfigurationDelegate : Bootstrapping Spring Data JPA repositories in DEFAULT mode.
2022-03-09 20:40:52.589  INFO 60006 --- [restartedMain] .s.d.r.c.RepositoryConfigurationDelegate : Finished Spring Data repository scanning in 125 ms. Found 10 JPA repository interfaces.
2022-03-09 20:40:53.740  INFO 60006 --- [restartedMain] o.s.b.w.embedded.tomcat.TomcatWebServer  : Tomcat initialized with port(s): 8081 (http)
2022-03-09 20:40:53.757  INFO 60006 --- [restartedMain] o.apache.catalina.core.StandardService   : Starting service [Tomcat]
2022-03-09 20:40:53.757  INFO 60006 --- [restartedMain] org.apache.catalina.core.StandardEngine  : Starting Servlet engine: [Apache Tomcat/9.0.56]
2022-03-09 20:40:54.033  INFO 60006 --- [restartedMain] o.a.c.c.C.[Tomcat].[localhost].[/Pidev]  : Initializing Spring embedded WebApplicationContext
2022-03-09 20:40:54.033  INFO 60006 --- [restartedMain] w.s.c.ServletWebServerApplicationContext : Root WebApplicationContext: initialization completed in 2969 ms
2022-03-09 20:40:54.494  INFO 60006 --- [restartedMain] o.hibernate.jpa.internal.util.LogHelper  : HHH000204: Processing PersistenceUnitInfo [name: default]
2022-03-09 20:40:54.620  INFO 60006 --- [restartedMain] org.hibernate.Version                    : HHH000412: Hibernate ORM core version 5.6.3.Final
2022-03-09 20:40:55.028  INFO 60006 --- [restartedMain] o.hibernate.annotations.common.Version   : HCANN000001: Hibernate Commons Annotations {5.1.2.Final}
2022-03-09 20:40:55.338  INFO 60006 --- [restartedMain] com.zaxxer.hikari.HikariDataSource       : HikariPool-1 - Starting...
2022-03-09 20:40:55.806  INFO 60006 --- [restartedMain] com.zaxxer.hikari.HikariDataSource       : HikariPool-1 - Start completed.
2022-03-09 20:40:55.839  INFO 60006 --- [restartedMain] org.hibernate.dialect.Dialect            : HHH000400: Using dialect: org.hibernate.dialect.MySQL5InnoDBDialect
2022-03-09 20:40:58.197 DEBUG 60006 --- [restartedMain] org.hibernate.SQL                        : 
    
    alter table offre 
       add column phone varchar(255)
2022-03-09 20:40:58.285  INFO 60006 --- [restartedMain] o.h.e.t.j.p.i.JtaPlatformInitiator       : HHH000490: Using JtaPlatform implementation: [org.hibernate.engine.transaction.jta.platform.internal.NoJtaPlatform]
2022-03-09 20:40:58.300  INFO 60006 --- [restartedMain] j.LocalContainerEntityManagerFactoryBean : Initialized JPA EntityManagerFactory for persistence unit 'default'
2022-03-09 20:41:00.399  WARN 60006 --- [restartedMain] JpaBaseConfiguration$JpaWebConfiguration : spring.jpa.open-in-view is enabled by default. Therefore, database queries may be performed during view rendering. Explicitly configure spring.jpa.open-in-view to disable this warning
2022-03-09 20:41:02.253  INFO 60006 --- [restartedMain] o.s.b.d.a.OptionalLiveReloadServer       : LiveReload server is running on port 35729
2022-03-09 20:41:02.647  INFO 60006 --- [restartedMain] o.s.b.w.embedded.tomcat.TomcatWebServer  : Tomcat started on port(s): 8081 (http) with context path '/Pidev'
2022-03-09 20:41:03.213  INFO 60006 --- [restartedMain] tn.esprit.PidevApplication               : Started PidevApplication in 33.093 seconds (JVM running for 39.369)
2022-03-09 20:46:49.995  INFO 60006 --- [Thread-5] j.LocalContainerEntityManagerFactoryBean : Closing JPA EntityManagerFactory for persistence unit 'default'
2022-03-09 20:46:50.007  INFO 60006 --- [Thread-5] com.zaxxer.hikari.HikariDataSource       : HikariPool-1 - Shutdown initiated...
2022-03-09 20:46:50.035  INFO 60006 --- [Thread-5] com.zaxxer.hikari.HikariDataSource       : HikariPool-1 - Shutdown completed.
2022-03-09 20:47:05.599  WARN 60006 --- [restartedMain] o.s.boot.StartupInfoLogger               : InetAddress.getLocalHost().getHostName() took 5000 milliseconds to respond. Please verify your network configuration (macOS machines may need to add entries to /etc/hosts).
2022-03-09 20:47:10.601  INFO 60006 --- [restartedMain] tn.esprit.PidevApplication               : Starting PidevApplication using Java 1.8.0_281 on Derbalis-MacBook-Pro.local with PID 60006 (/Volumes/Work/pidev spring/Pidev_4SAE2/target/classes started by seif in /Volumes/Work/pidev spring/Pidev_4SAE2)
2022-03-09 20:47:10.602  INFO 60006 --- [restartedMain] tn.esprit.PidevApplication               : No active profile set, falling back to default profiles: default
2022-03-09 20:47:10.961  INFO 60006 --- [restartedMain] .s.d.r.c.RepositoryConfigurationDelegate : Bootstrapping Spring Data JPA repositories in DEFAULT mode.
2022-03-09 20:47:10.987  INFO 60006 --- [restartedMain] .s.d.r.c.RepositoryConfigurationDelegate : Finished Spring Data repository scanning in 25 ms. Found 10 JPA repository interfaces.
2022-03-09 20:47:11.167  INFO 60006 --- [restartedMain] o.s.b.w.embedded.tomcat.TomcatWebServer  : Tomcat initialized with port(s): 8081 (http)
2022-03-09 20:47:11.168  INFO 60006 --- [restartedMain] o.apache.catalina.core.StandardService   : Starting service [Tomcat]
2022-03-09 20:47:11.168  INFO 60006 --- [restartedMain] org.apache.catalina.core.StandardEngine  : Starting Servlet engine: [Apache Tomcat/9.0.56]
2022-03-09 20:47:11.175  INFO 60006 --- [restartedMain] o.a.c.c.C.[Tomcat].[localhost].[/Pidev]  : Initializing Spring embedded WebApplicationContext
2022-03-09 20:47:11.176  INFO 60006 --- [restartedMain] w.s.c.ServletWebServerApplicationContext : Root WebApplicationContext: initialization completed in 568 ms
2022-03-09 20:47:11.211  INFO 60006 --- [restartedMain] o.hibernate.jpa.internal.util.LogHelper  : HHH000204: Processing PersistenceUnitInfo [name: default]
2022-03-09 20:47:11.217  INFO 60006 --- [restartedMain] com.zaxxer.hikari.HikariDataSource       : HikariPool-2 - Starting...
2022-03-09 20:47:11.229  INFO 60006 --- [restartedMain] com.zaxxer.hikari.HikariDataSource       : HikariPool-2 - Start completed.
2022-03-09 20:47:11.229  INFO 60006 --- [restartedMain] org.hibernate.dialect.Dialect            : HHH000400: Using dialect: org.hibernate.dialect.MySQL5InnoDBDialect
2022-03-09 20:47:11.397  INFO 60006 --- [restartedMain] o.h.e.t.j.p.i.JtaPlatformInitiator       : HHH000490: Using JtaPlatform implementation: [org.hibernate.engine.transaction.jta.platform.internal.NoJtaPlatform]
2022-03-09 20:47:11.397  INFO 60006 --- [restartedMain] j.LocalContainerEntityManagerFactoryBean : Initialized JPA EntityManagerFactory for persistence unit 'default'
2022-03-09 20:47:11.660  WARN 60006 --- [restartedMain] JpaBaseConfiguration$JpaWebConfiguration : spring.jpa.open-in-view is enabled by default. Therefore, database queries may be performed during view rendering. Explicitly configure spring.jpa.open-in-view to disable this warning
2022-03-09 20:47:11.732  INFO 60006 --- [restartedMain] o.s.b.d.a.OptionalLiveReloadServer       : LiveReload server is running on port 35729
2022-03-09 20:47:11.807  INFO 60006 --- [restartedMain] o.s.b.w.embedded.tomcat.TomcatWebServer  : Tomcat started on port(s): 8081 (http) with context path '/Pidev'
2022-03-09 20:47:12.041  INFO 60006 --- [restartedMain] tn.esprit.PidevApplication               : Started PidevApplication in 21.496 seconds (JVM running for 408.193)
2022-03-09 20:47:12.043  INFO 60006 --- [restartedMain] .ConditionEvaluationDeltaLoggingListener : Condition evaluation unchanged
2022-03-09 20:47:30.425  INFO 60006 --- [Thread-8] j.LocalContainerEntityManagerFactoryBean : Closing JPA EntityManagerFactory for persistence unit 'default'
2022-03-09 20:47:30.437  INFO 60006 --- [Thread-8] com.zaxxer.hikari.HikariDataSource       : HikariPool-2 - Shutdown initiated...
2022-03-09 20:47:30.439  INFO 60006 --- [Thread-8] com.zaxxer.hikari.HikariDataSource       : HikariPool-2 - Shutdown completed.
2022-03-09 20:47:45.645  WARN 60006 --- [restartedMain] o.s.boot.StartupInfoLogger               : InetAddress.getLocalHost().getHostName() took 5002 milliseconds to respond. Please verify your network configuration (macOS machines may need to add entries to /etc/hosts).
2022-03-09 20:47:50.646  INFO 60006 --- [restartedMain] tn.esprit.PidevApplication               : Starting PidevApplication using Java 1.8.0_281 on Derbalis-MacBook-Pro.local with PID 60006 (/Volumes/Work/pidev spring/Pidev_4SAE2/target/classes started by seif in /Volumes/Work/pidev spring/Pidev_4SAE2)
2022-03-09 20:47:50.647  INFO 60006 --- [restartedMain] tn.esprit.PidevApplication               : No active profile set, falling back to default profiles: default
2022-03-09 20:47:51.204  INFO 60006 --- [restartedMain] .s.d.r.c.RepositoryConfigurationDelegate : Bootstrapping Spring Data JPA repositories in DEFAULT mode.
2022-03-09 20:47:51.230  INFO 60006 --- [restartedMain] .s.d.r.c.RepositoryConfigurationDelegate : Finished Spring Data repository scanning in 25 ms. Found 10 JPA repository interfaces.
2022-03-09 20:47:51.346  INFO 60006 --- [restartedMain] o.s.b.w.embedded.tomcat.TomcatWebServer  : Tomcat initialized with port(s): 8081 (http)
2022-03-09 20:47:51.347  INFO 60006 --- [restartedMain] o.apache.catalina.core.StandardService   : Starting service [Tomcat]
2022-03-09 20:47:51.347  INFO 60006 --- [restartedMain] org.apache.catalina.core.StandardEngine  : Starting Servlet engine: [Apache Tomcat/9.0.56]
2022-03-09 20:47:51.352  INFO 60006 --- [restartedMain] o.a.c.c.C.[Tomcat].[localhost].[/Pidev]  : Initializing Spring embedded WebApplicationContext
2022-03-09 20:47:51.352  INFO 60006 --- [restartedMain] w.s.c.ServletWebServerApplicationContext : Root WebApplicationContext: initialization completed in 701 ms
2022-03-09 20:47:51.378  INFO 60006 --- [restartedMain] o.hibernate.jpa.internal.util.LogHelper  : HHH000204: Processing PersistenceUnitInfo [name: default]
2022-03-09 20:47:51.381  INFO 60006 --- [restartedMain] com.zaxxer.hikari.HikariDataSource       : HikariPool-3 - Starting...
2022-03-09 20:47:51.384  INFO 60006 --- [restartedMain] com.zaxxer.hikari.HikariDataSource       : HikariPool-3 - Start completed.
2022-03-09 20:47:51.385  INFO 60006 --- [restartedMain] org.hibernate.dialect.Dialect            : HHH000400: Using dialect: org.hibernate.dialect.MySQL5InnoDBDialect
2022-03-09 20:47:51.534  INFO 60006 --- [restartedMain] o.h.e.t.j.p.i.JtaPlatformInitiator       : HHH000490: Using JtaPlatform implementation: [org.hibernate.engine.transaction.jta.platform.internal.NoJtaPlatform]
2022-03-09 20:47:51.534  INFO 60006 --- [restartedMain] j.LocalContainerEntityManagerFactoryBean : Initialized JPA EntityManagerFactory for persistence unit 'default'
2022-03-09 20:47:51.766  WARN 60006 --- [restartedMain] JpaBaseConfiguration$JpaWebConfiguration : spring.jpa.open-in-view is enabled by default. Therefore, database queries may be performed during view rendering. Explicitly configure spring.jpa.open-in-view to disable this warning
2022-03-09 20:47:51.828  INFO 60006 --- [restartedMain] o.s.b.d.a.OptionalLiveReloadServer       : LiveReload server is running on port 35729
2022-03-09 20:47:51.893  INFO 60006 --- [restartedMain] o.s.b.w.embedded.tomcat.TomcatWebServer  : Tomcat started on port(s): 8081 (http) with context path '/Pidev'
2022-03-09 20:47:52.058  INFO 60006 --- [restartedMain] tn.esprit.PidevApplication               : Started PidevApplication in 21.451 seconds (JVM running for 448.21)
2022-03-09 20:47:52.062  INFO 60006 --- [restartedMain] .ConditionEvaluationDeltaLoggingListener : Condition evaluation unchanged
2022-03-09 20:50:16.501  INFO 60006 --- [http-nio-8081-exec-2] o.a.c.c.C.[Tomcat].[localhost].[/Pidev]  : Initializing Spring DispatcherServlet 'dispatcherServlet'
2022-03-09 20:50:16.503  INFO 60006 --- [http-nio-8081-exec-2] o.s.web.servlet.DispatcherServlet        : Initializing Servlet 'dispatcherServlet'
2022-03-09 20:50:16.506  INFO 60006 --- [http-nio-8081-exec-2] o.s.web.servlet.DispatcherServlet        : Completed initialization in 3 ms
2022-03-09 20:50:16.531  WARN 60006 --- [http-nio-8081-exec-2] o.s.web.servlet.PageNotFound             : No mapping for POST /Pidev/servlet/Offre/addoffre
2022-03-09 20:51:14.310 DEBUG 60006 --- [http-nio-8081-exec-3] org.hibernate.SQL                        : 
    select
        collaborat0_.id as id1_2_,
        collaborat0_.date as date2_2_,
        collaborat0_.mail as mail3_2_,
        collaborat0_.nom as nom4_2_ 
    from
        collaboratoin collaborat0_
2022-03-09 20:51:14.402 DEBUG 60006 --- [http-nio-8081-exec-3] org.hibernate.SQL                        : 
    select
        offre0_.collaboration_id as collabor7_6_0_,
        offre0_.id as id1_6_0_,
        offre0_.id as id1_6_1_,
        offre0_.collaboration_id as collabor7_6_1_,
        offre0_.description as descript2_6_1_,
        offre0_.end_date as end_date3_6_1_,
        offre0_.nom as nom4_6_1_,
        offre0_.phone as phone5_6_1_,
        offre0_.start_date as start_da6_6_1_ 
    from
        offre offre0_ 
    where
        offre0_.collaboration_id=?
2022-03-09 20:51:14.405 TRACE 60006 --- [http-nio-8081-exec-3] o.h.type.descriptor.sql.BasicBinder      : binding parameter [1] as [BIGINT] - [4]
2022-03-09 20:51:14.434 DEBUG 60006 --- [http-nio-8081-exec-3] org.hibernate.SQL                        : 
    select
        offre0_.collaboration_id as collabor7_6_0_,
        offre0_.id as id1_6_0_,
        offre0_.id as id1_6_1_,
        offre0_.collaboration_id as collabor7_6_1_,
        offre0_.description as descript2_6_1_,
        offre0_.end_date as end_date3_6_1_,
        offre0_.nom as nom4_6_1_,
        offre0_.phone as phone5_6_1_,
        offre0_.start_date as start_da6_6_1_ 
    from
        offre offre0_ 
    where
        offre0_.collaboration_id=?
2022-03-09 20:51:14.434 TRACE 60006 --- [http-nio-8081-exec-3] o.h.type.descriptor.sql.BasicBinder      : binding parameter [1] as [BIGINT] - [5]
2022-03-09 20:51:30.139 DEBUG 60006 --- [http-nio-8081-exec-4] org.hibernate.SQL                        : 
    select
        collaborat0_.id as id1_2_0_,
        collaborat0_.date as date2_2_0_,
        collaborat0_.mail as mail3_2_0_,
        collaborat0_.nom as nom4_2_0_ 
    from
        collaboratoin collaborat0_ 
    where
        collaborat0_.id=?
2022-03-09 20:51:30.139 TRACE 60006 --- [http-nio-8081-exec-4] o.h.type.descriptor.sql.BasicBinder      : binding parameter [1] as [BIGINT] - [4]
2022-03-09 20:51:30.167 DEBUG 60006 --- [http-nio-8081-exec-4] org.hibernate.SQL                        : 
    insert 
    into
        offre
        (collaboration_id, description, end_date, nom, phone, start_date) 
    values
        (?, ?, ?, ?, ?, ?)
2022-03-09 20:51:30.168 TRACE 60006 --- [http-nio-8081-exec-4] o.h.type.descriptor.sql.BasicBinder      : binding parameter [1] as [BIGINT] - [4]
2022-03-09 20:51:30.168 TRACE 60006 --- [http-nio-8081-exec-4] o.h.type.descriptor.sql.BasicBinder      : binding parameter [2] as [VARCHAR] - [offre]
2022-03-09 20:51:30.169 TRACE 60006 --- [http-nio-8081-exec-4] o.h.type.descriptor.sql.BasicBinder      : binding parameter [3] as [DATE] - [Wed Feb 02 01:00:00 CET 2022]
2022-03-09 20:51:30.171 TRACE 60006 --- [http-nio-8081-exec-4] o.h.type.descriptor.sql.BasicBinder      : binding parameter [4] as [VARCHAR] - [SendSms]
2022-03-09 20:51:30.171 TRACE 60006 --- [http-nio-8081-exec-4] o.h.type.descriptor.sql.BasicBinder      : binding parameter [5] as [VARCHAR] - [null]
2022-03-09 20:51:30.172 TRACE 60006 --- [http-nio-8081-exec-4] o.h.type.descriptor.sql.BasicBinder      : binding parameter [6] as [DATE] - [Tue Feb 01 01:00:00 CET 2022]
2022-03-09 20:58:00.258  INFO 60006 --- [Thread-12] j.LocalContainerEntityManagerFactoryBean : Closing JPA EntityManagerFactory for persistence unit 'default'
2022-03-09 20:58:00.262  INFO 60006 --- [Thread-12] com.zaxxer.hikari.HikariDataSource       : HikariPool-3 - Shutdown initiated...
2022-03-09 20:58:00.267  INFO 60006 --- [Thread-12] com.zaxxer.hikari.HikariDataSource       : HikariPool-3 - Shutdown completed.
2022-03-09 20:58:15.734  WARN 60006 --- [restartedMain] o.s.boot.StartupInfoLogger               : InetAddress.getLocalHost().getHostName() took 5004 milliseconds to respond. Please verify your network configuration (macOS machines may need to add entries to /etc/hosts).
2022-03-09 20:58:20.740  INFO 60006 --- [restartedMain] tn.esprit.PidevApplication               : Starting PidevApplication using Java 1.8.0_281 on Derbalis-MacBook-Pro.local with PID 60006 (/Volumes/Work/pidev spring/Pidev_4SAE2/target/classes started by seif in /Volumes/Work/pidev spring/Pidev_4SAE2)
2022-03-09 20:58:20.740  INFO 60006 --- [restartedMain] tn.esprit.PidevApplication               : No active profile set, falling back to default profiles: default
2022-03-09 20:58:21.030  INFO 60006 --- [restartedMain] .s.d.r.c.RepositoryConfigurationDelegate : Bootstrapping Spring Data JPA repositories in DEFAULT mode.
2022-03-09 20:58:21.060  INFO 60006 --- [restartedMain] .s.d.r.c.RepositoryConfigurationDelegate : Finished Spring Data repository scanning in 29 ms. Found 10 JPA repository interfaces.
2022-03-09 20:58:21.233  INFO 60006 --- [restartedMain] o.s.b.w.embedded.tomcat.TomcatWebServer  : Tomcat initialized with port(s): 8081 (http)
2022-03-09 20:58:21.234  INFO 60006 --- [restartedMain] o.apache.catalina.core.StandardService   : Starting service [Tomcat]
2022-03-09 20:58:21.234  INFO 60006 --- [restartedMain] org.apache.catalina.core.StandardEngine  : Starting Servlet engine: [Apache Tomcat/9.0.56]
2022-03-09 20:58:21.242  INFO 60006 --- [restartedMain] o.a.c.c.C.[Tomcat].[localhost].[/Pidev]  : Initializing Spring embedded WebApplicationContext
2022-03-09 20:58:21.242  INFO 60006 --- [restartedMain] w.s.c.ServletWebServerApplicationContext : Root WebApplicationContext: initialization completed in 498 ms
2022-03-09 20:58:21.274  INFO 60006 --- [restartedMain] o.hibernate.jpa.internal.util.LogHelper  : HHH000204: Processing PersistenceUnitInfo [name: default]
2022-03-09 20:58:21.278  INFO 60006 --- [restartedMain] com.zaxxer.hikari.HikariDataSource       : HikariPool-4 - Starting...
2022-03-09 20:58:21.292  INFO 60006 --- [restartedMain] com.zaxxer.hikari.HikariDataSource       : HikariPool-4 - Start completed.
2022-03-09 20:58:21.293  INFO 60006 --- [restartedMain] org.hibernate.dialect.Dialect            : HHH000400: Using dialect: org.hibernate.dialect.MySQL5InnoDBDialect
2022-03-09 20:58:21.448  INFO 60006 --- [restartedMain] o.h.e.t.j.p.i.JtaPlatformInitiator       : HHH000490: Using JtaPlatform implementation: [org.hibernate.engine.transaction.jta.platform.internal.NoJtaPlatform]
2022-03-09 20:58:21.448  INFO 60006 --- [restartedMain] j.LocalContainerEntityManagerFactoryBean : Initialized JPA EntityManagerFactory for persistence unit 'default'
2022-03-09 20:58:21.697  WARN 60006 --- [restartedMain] JpaBaseConfiguration$JpaWebConfiguration : spring.jpa.open-in-view is enabled by default. Therefore, database queries may be performed during view rendering. Explicitly configure spring.jpa.open-in-view to disable this warning
2022-03-09 20:58:21.754  INFO 60006 --- [restartedMain] o.s.b.d.a.OptionalLiveReloadServer       : LiveReload server is running on port 35729
2022-03-09 20:58:21.830  INFO 60006 --- [restartedMain] o.s.b.w.embedded.tomcat.TomcatWebServer  : Tomcat started on port(s): 8081 (http) with context path '/Pidev'
2022-03-09 20:58:22.042  INFO 60006 --- [restartedMain] tn.esprit.PidevApplication               : Started PidevApplication in 21.349 seconds (JVM running for 1078.179)
2022-03-09 20:58:22.044  INFO 60006 --- [restartedMain] .ConditionEvaluationDeltaLoggingListener : Condition evaluation unchanged
2022-03-09 21:04:36.702  INFO 60006 --- [http-nio-8081-exec-2] o.a.c.c.C.[Tomcat].[localhost].[/Pidev]  : Initializing Spring DispatcherServlet 'dispatcherServlet'
2022-03-09 21:04:36.706  INFO 60006 --- [http-nio-8081-exec-2] o.s.web.servlet.DispatcherServlet        : Initializing Servlet 'dispatcherServlet'
2022-03-09 21:04:36.731  INFO 60006 --- [http-nio-8081-exec-2] o.s.web.servlet.DispatcherServlet        : Completed initialization in 25 ms
2022-03-09 21:04:36.803 DEBUG 60006 --- [http-nio-8081-exec-2] org.hibernate.SQL                        : 
    select
        collaborat0_.id as id1_2_0_,
        collaborat0_.date as date2_2_0_,
        collaborat0_.mail as mail3_2_0_,
        collaborat0_.nom as nom4_2_0_ 
    from
        collaboratoin collaborat0_ 
    where
        collaborat0_.id=?
2022-03-09 21:04:36.806 TRACE 60006 --- [http-nio-8081-exec-2] o.h.type.descriptor.sql.BasicBinder      : binding parameter [1] as [BIGINT] - [4]
2022-03-09 21:04:36.831 DEBUG 60006 --- [http-nio-8081-exec-2] org.hibernate.SQL                        : 
    insert 
    into
        offre
        (collaboration_id, description, end_date, nom, phone, start_date) 
    values
        (?, ?, ?, ?, ?, ?)
2022-03-09 21:04:36.832 TRACE 60006 --- [http-nio-8081-exec-2] o.h.type.descriptor.sql.BasicBinder      : binding parameter [1] as [BIGINT] - [4]
2022-03-09 21:04:36.833 TRACE 60006 --- [http-nio-8081-exec-2] o.h.type.descriptor.sql.BasicBinder      : binding parameter [2] as [VARCHAR] - [offre]
2022-03-09 21:04:36.834 TRACE 60006 --- [http-nio-8081-exec-2] o.h.type.descriptor.sql.BasicBinder      : binding parameter [3] as [DATE] - [Wed Feb 02 01:00:00 CET 2022]
2022-03-09 21:04:36.834 TRACE 60006 --- [http-nio-8081-exec-2] o.h.type.descriptor.sql.BasicBinder      : binding parameter [4] as [VARCHAR] - [SendSmsTest]
2022-03-09 21:04:36.834 TRACE 60006 --- [http-nio-8081-exec-2] o.h.type.descriptor.sql.BasicBinder      : binding parameter [5] as [VARCHAR] - [+21654630697]
2022-03-09 21:04:36.838 TRACE 60006 --- [http-nio-8081-exec-2] o.h.type.descriptor.sql.BasicBinder      : binding parameter [6] as [DATE] - [Tue Feb 01 01:00:00 CET 2022]
2022-03-09 21:05:51.770  INFO 60006 --- [Thread-17] j.LocalContainerEntityManagerFactoryBean : Closing JPA EntityManagerFactory for persistence unit 'default'
2022-03-09 21:05:51.774  INFO 60006 --- [Thread-17] com.zaxxer.hikari.HikariDataSource       : HikariPool-4 - Shutdown initiated...
2022-03-09 21:05:51.779  INFO 60006 --- [Thread-17] com.zaxxer.hikari.HikariDataSource       : HikariPool-4 - Shutdown completed.
2022-03-09 21:06:09.008  WARN 60006 --- [restartedMain] o.s.boot.StartupInfoLogger               : InetAddress.getLocalHost().getHostName() took 5006 milliseconds to respond. Please verify your network configuration (macOS machines may need to add entries to /etc/hosts).
2022-03-09 21:06:14.016  INFO 60006 --- [restartedMain] tn.esprit.PidevApplication               : Starting PidevApplication using Java 1.8.0_281 on Derbalis-MacBook-Pro.local with PID 60006 (/Volumes/Work/pidev spring/Pidev_4SAE2/target/classes started by seif in /Volumes/Work/pidev spring/Pidev_4SAE2)
2022-03-09 21:06:14.016  INFO 60006 --- [restartedMain] tn.esprit.PidevApplication               : No active profile set, falling back to default profiles: default
2022-03-09 21:06:14.326  INFO 60006 --- [restartedMain] .s.d.r.c.RepositoryConfigurationDelegate : Bootstrapping Spring Data JPA repositories in DEFAULT mode.
2022-03-09 21:06:14.359  INFO 60006 --- [restartedMain] .s.d.r.c.RepositoryConfigurationDelegate : Finished Spring Data repository scanning in 33 ms. Found 10 JPA repository interfaces.
2022-03-09 21:06:14.528  INFO 60006 --- [restartedMain] o.s.b.w.embedded.tomcat.TomcatWebServer  : Tomcat initialized with port(s): 8081 (http)
2022-03-09 21:06:14.529  INFO 60006 --- [restartedMain] o.apache.catalina.core.StandardService   : Starting service [Tomcat]
2022-03-09 21:06:14.529  INFO 60006 --- [restartedMain] org.apache.catalina.core.StandardEngine  : Starting Servlet engine: [Apache Tomcat/9.0.56]
2022-03-09 21:06:14.536  INFO 60006 --- [restartedMain] o.a.c.c.C.[Tomcat].[localhost].[/Pidev]  : Initializing Spring embedded WebApplicationContext
2022-03-09 21:06:14.537  INFO 60006 --- [restartedMain] w.s.c.ServletWebServerApplicationContext : Root WebApplicationContext: initialization completed in 517 ms
2022-03-09 21:06:14.569  INFO 60006 --- [restartedMain] o.hibernate.jpa.internal.util.LogHelper  : HHH000204: Processing PersistenceUnitInfo [name: default]
2022-03-09 21:06:14.575  INFO 60006 --- [restartedMain] com.zaxxer.hikari.HikariDataSource       : HikariPool-5 - Starting...
2022-03-09 21:06:14.581  INFO 60006 --- [restartedMain] com.zaxxer.hikari.HikariDataSource       : HikariPool-5 - Start completed.
2022-03-09 21:06:14.581  INFO 60006 --- [restartedMain] org.hibernate.dialect.Dialect            : HHH000400: Using dialect: org.hibernate.dialect.MySQL5InnoDBDialect
2022-03-09 21:06:14.709  INFO 60006 --- [restartedMain] o.h.e.t.j.p.i.JtaPlatformInitiator       : HHH000490: Using JtaPlatform implementation: [org.hibernate.engine.transaction.jta.platform.internal.NoJtaPlatform]
2022-03-09 21:06:14.709  INFO 60006 --- [restartedMain] j.LocalContainerEntityManagerFactoryBean : Initialized JPA EntityManagerFactory for persistence unit 'default'
2022-03-09 21:06:14.955  WARN 60006 --- [restartedMain] JpaBaseConfiguration$JpaWebConfiguration : spring.jpa.open-in-view is enabled by default. Therefore, database queries may be performed during view rendering. Explicitly configure spring.jpa.open-in-view to disable this warning
2022-03-09 21:06:15.023  INFO 60006 --- [restartedMain] o.s.b.d.a.OptionalLiveReloadServer       : LiveReload server is running on port 35729
2022-03-09 21:06:15.097  INFO 60006 --- [restartedMain] o.s.b.w.embedded.tomcat.TomcatWebServer  : Tomcat started on port(s): 8081 (http) with context path '/Pidev'
2022-03-09 21:06:15.314  INFO 60006 --- [restartedMain] tn.esprit.PidevApplication               : Started PidevApplication in 21.378 seconds (JVM running for 1551.438)
2022-03-09 21:06:15.315  INFO 60006 --- [restartedMain] .ConditionEvaluationDeltaLoggingListener : Condition evaluation unchanged
2022-03-09 21:10:54.293  INFO 60006 --- [RMI TCP Connection(2)-127.0.0.1] inMXBeanRegistrar$SpringApplicationAdmin : Application shutdown requested.
2022-03-09 21:10:54.340  INFO 60006 --- [RMI TCP Connection(2)-127.0.0.1] j.LocalContainerEntityManagerFactoryBean : Closing JPA EntityManagerFactory for persistence unit 'default'
2022-03-09 21:10:54.344  INFO 60006 --- [RMI TCP Connection(2)-127.0.0.1] com.zaxxer.hikari.HikariDataSource       : HikariPool-5 - Shutdown initiated...
2022-03-09 21:10:54.350  INFO 60006 --- [RMI TCP Connection(2)-127.0.0.1] com.zaxxer.hikari.HikariDataSource       : HikariPool-5 - Shutdown completed.
